5,r,10520,8,256,13418684000,10526
5,r,10400,8,256,13418753000,10403
5,r,10400,8,256,13418851000,10407
5,r,10408,8,256,13418900000,10407
5,r,10408,8,256,13418949000,10411
5,r,10408,8,256,13419061000,10414
5,r,10416,8,256,13419110000,10414
5,r,10416,8,256,13419159000,10417
5,r,9192,8,256,13419229000,9198
5,r,9192,8,256,13419299000,9199
5,r,9200,8,256,13419348000,9199
5,r,9200,8,256,13419397000,9202
5,r,9200,8,256,13419446000,9206
5,r,9208,8,256,13419495000,9206
5,r,9208,8,256,13419565000,9210
5,r,9208,8,256,13419663000,9214
5,r,9216,8,256,13419712000,9214
5,r,9216,8,256,13419761000,9217
5,r,8720,8,256,13419831000,8723
5,r,8720,8,256,13419901000,8724
5,r,8720,8,256,13419950000,8727
5,r,8728,8,256,13420034000,8728
5,r,8728,8,256,13420083000,8732
5,r,8736,8,256,13420153000,8736
5,r,8736,8,256,13420222000,8740
5,r,8744,8,256,13420292000,8744
5,r,8744,8,256,13420361000,8748
5,r,8744,8,256,13420410000,8751
5,r,8752,8,256,13420459000,8751
5,r,8272,8,256,13420529000,8272
5,r,638432,8,256,13420641000,140735678696928
5,r,638432,8,256,13420718000,140735678696932
5,r,638440,8,256,13420767000,140735678696936
5,r,638440,8,256,13420816000,140735678696940
5,r,638448,8,256,13420865000,140735678696944
5,r,638448,8,256,13420914000,140735678696948
5,r,638448,8,256,13420963000,140735678696951
5,r,638456,8,256,13421012000,140735678696951
5,r,638456,8,256,13421061000,140735678696954
5,r,638464,8,256,13421110000,140735678696954
5,r,638464,8,256,13421159000,140735678696961
5,r,638472,8,256,13421208000,140735678696968
5,r,638472,8,256,13421257000,140735678696970
5,r,638472,8,256,13421432000,140735678696974
5,r,638480,8,256,13421509000,140735678696974
5,r,638480,8,256,13421558000,140735678696978
5,r,638480,8,256,13421607000,140735678696982
5,r,638488,8,256,13421656000,140735678696984
5,r,638488,8,256,13421705000,140735678696986
5,r,638488,8,256,13421754000,140735678696989
5,r,8752,8,256,13421880000,8756
5,r,8752,8,256,13421950000,8759
5,r,8760,8,256,13421999000,8759
5,r,8760,8,256,13422097000,8762
5,r,8760,8,256,13422146000,8765
5,r,8760,8,256,13422195000,8767
5,r,8768,8,256,13422244000,8767
5,r,8768,8,256,13422307000,8770
5,r,8768,8,256,13422356000,8773
5,r,8776,8,256,13422426000,8776
5,r,8784,8,256,13422496000,8784
5,r,8784,8,256,13422594000,8788
5,r,8784,8,256,13422664000,8791
5,r,8792,8,256,13422713000,8791
5,r,8792,8,256,13422783000,8798
5,r,8800,8,256,13422832000,8798
5,r,8800,8,256,13422902000,8805
5,r,8808,8,256,13423000000,8808
5,r,8808,8,256,13423049000,8811
5,r,8808,8,256,13423098000,8814
5,r,8816,8,256,13423147000,8814
5,r,8816,8,256,13423245000,8818
5,r,8816,8,256,13423294000,8821
5,r,8824,8,256,13423357000,8821
5,r,8824,8,256,13423427000,8825
5,r,8824,8,256,13423525000,8828
5,r,8824,8,256,13423832000,8830
5,r,8832,8,256,13423881000,8830
5,r,8832,8,256,13423951000,8833
5,r,8944,8,256,13424000000,8944
5,r,8944,8,256,13424112000,8948
5,r,8832,8,256,13424161000,8835
5,r,8832,8,256,13424259000,8838
5,r,8840,8,256,13424308000,8840
5,r,8848,8,256,13424357000,8848
5,r,8848,8,256,13424455000,8852
5,r,8848,8,256,13424504000,8855
5,r,8856,8,256,13424553000,8855
5,r,8856,8,256,13424651000,8857
5,r,8856,8,256,13424721000,8860
5,r,8856,8,256,13424819000,8863
5,r,8864,8,256,13424868000,8863
5,r,8864,8,256,13424980000,8867
5,r,8864,8,256,13425050000,8870
5,r,8872,8,256,13425099000,8870
5,r,8872,8,256,13425197000,8873
5,r,8872,8,256,13425246000,8878
5,r,8880,8,256,13425295000,8880
5,r,8632,8,256,13425365000,8633
5,r,8632,8,256,13425435000,8634
5,r,8632,8,256,13425484000,8637
5,r,8640,8,256,13425554000,8640
5,r,8640,8,256,13425603000,8642
5,r,8640,8,256,13425673000,8645
5,r,8648,8,256,13425722000,8645
5,r,8648,8,256,13425820000,8649
5,r,8648,8,256,13425889000,8652
5,r,8648,8,256,13425938000,8654
5,r,8656,8,256,13426001000,8656
5,r,8656,8,256,13426050000,8658
5,r,8656,8,256,13426148000,8659
5,r,8880,8,256,13426246000,8885
5,r,8888,8,256,13426316000,8888
5,r,8888,8,256,13426414000,8891
5,r,8888,8,256,13426512000,8895
5,r,8896,8,256,13426561000,8895
5,r,8896,8,256,13426631000,8898
5,r,8896,8,256,13426729000,8901
5,r,8904,8,256,13426848000,8904
5,r,8904,8,256,13426946000,8907
5,r,8912,8,256,13426995000,8912
5,r,8912,8,256,13427044000,8914
5,r,8632,8,256,13427114000,8633
5,r,8632,8,256,13427184000,8634
5,r,8632,8,256,13427247000,8637
5,r,8640,8,256,13427317000,8640
5,r,8640,8,256,13427366000,8642
5,r,8640,8,256,13427436000,8645
5,r,8648,8,256,13427485000,8645
5,r,8648,8,256,13427583000,8649
5,r,8648,8,256,13427652000,8652
5,r,8648,8,256,13427701000,8654
5,r,8656,8,256,13427750000,8656
5,r,8656,8,256,13427799000,8658
5,r,8656,8,256,13427911000,8659
5,r,8912,8,256,13428009000,8919
5,r,8920,8,256,13428058000,8919
5,r,8920,8,256,13428128000,8922
5,r,8920,8,256,13428226000,8925
5,r,8920,8,256,13428275000,8927
5,r,8928,8,256,13428338000,8927
5,r,8928,8,256,13428387000,8930
5,r,8928,8,256,13428436000,8932
5,r,8936,8,256,13428485000,8932
5,r,8936,8,256,13428534000,8937
5,r,8936,8,256,13428604000,8940
5,r,8944,8,256,13428723000,8944
5,r,8944,8,256,13428821000,8948
5,r,8944,8,256,13428870000,8950
5,r,8952,8,256,13428919000,8950
5,r,8952,8,256,13429017000,8953
5,r,8952,8,256,13429066000,8956
5,r,8952,8,256,13429115000,8959
5,r,8960,8,256,13429164000,8959
5,r,8960,8,256,13429262000,8963
5,r,8960,8,256,13429311000,8966
5,r,8968,8,256,13429374000,8966
5,r,8968,8,256,13429444000,8970
5,r,8976,8,256,13429493000,8970
5,r,8976,8,256,13429563000,8977
5,r,8976,8,256,13429661000,8980
5,r,8976,8,256,13429710000,8983
5,r,8984,8,256,13429759000,8983
5,r,8984,8,256,13429808000,8986
5,r,8984,8,256,13429857000,8988
5,r,8984,8,256,13429906000,8991
5,r,8992,8,256,13429955000,8991
5,r,8992,8,256,13430004000,8993
5,r,8992,8,256,13430053000,8996
5,r,8992,8,256,13430102000,8998
5,r,9000,8,256,13430151000,8998
5,r,9000,8,256,13430200000,9001
5,r,9024,8,256,13430263000,9025
5,r,9024,8,256,13430361000,9029
5,r,9032,8,256,13430410000,9029
5,r,9032,8,256,13430459000,9033
5,r,9032,8,256,13430557000,9036
5,r,9032,8,256,13430606000,9039
5,r,9040,8,256,13430655000,9039
5,r,9040,8,256,13430704000,9042
5,r,9040,8,256,13430823000,9045
5,r,9048,8,256,13430872000,9045
5,r,9048,8,256,13430970000,9049
5,r,9048,8,256,13431068000,9052
5,r,9048,8,256,13431117000,9055
5,r,9056,8,256,13431166000,9055
5,r,9056,8,256,13431285000,9058
5,r,9056,8,256,13431681000,9061
5,r,9064,8,256,13431800000,9064
5,r,9064,8,256,13431898000,9067
5,r,9064,8,256,13431947000,9069
5,r,9072,8,256,13431996000,9069
5,r,8656,8,256,13432066000,8660
5,r,8656,8,256,13432136000,8661
5,r,8664,8,256,13432185000,8664
5,r,8664,8,256,13432255000,8667
5,r,8664,8,256,13432324000,8670
5,r,8672,8,256,13432373000,8670
5,r,8672,8,256,13432422000,8673
5,r,8672,8,256,13432512000,8676
5,r,8672,8,256,13432581000,8679
5,r,8680,8,256,13432630000,8679
5,r,8680,8,256,13432679000,8685
5,r,8688,8,256,13432763000,8688
5,r,8688,8,256,13432832000,8691
5,r,8688,8,256,13432881000,8694
5,r,8696,8,256,13432930000,8694
5,r,8696,8,256,13433020000,8697
5,r,8696,8,256,13433089000,8700
5,r,8704,8,256,13433138000,8700
5,r,8704,8,256,13433187000,8706
5,r,8704,8,256,13433257000,8709
5,r,8712,8,256,13433326000,8712
5,r,8712,8,256,13433375000,8715
5,r,8712,8,256,13433465000,8718
5,r,8720,8,256,13433514000,8718
5,r,8720,8,256,13433583000,8721
5,r,8720,8,256,13433681000,8722
5,r,9072,8,256,13433779000,9074
5,r,9072,8,256,13433863000,9077
5,r,9080,8,256,13433961000,9080
5,r,9080,8,256,13434010000,9085
5,r,9088,8,256,13434059000,9085
5,r,8352,8,256,13434129000,8352
5,r,579776,8,256,13434241000,140735678879936
5,r,579776,8,256,13434304000,140735678879940
5,r,579776,8,256,13434374000,140735678879942
5,r,579784,8,256,13434444000,140735678879944
5,r,579784,8,256,13434514000,140735678879945
5,r,579784,8,256,13434584000,140735678879946
5,r,579784,8,256,13434633000,140735678879948
5,r,579792,8,256,13434682000,140735678879952
5,r,579800,8,256,13434731000,140735678879952
5,r,579800,8,256,13434843000,140735678879961
5,r,579800,8,256,13434913000,140735678879966
5,r,579808,8,256,13434962000,140735678879968
5,r,579808,8,256,13435011000,140735678879974
5,r,579816,8,256,13435060000,140735678879974
5,r,579816,8,256,13435109000,140735678879977
5,r,579816,8,256,13435158000,140735678879983
5,r,579824,8,256,13435207000,140735678879983
5,r,579824,8,256,13435270000,140735678879989
5,r,579832,8,256,13435319000,140735678879989
5,r,579832,8,256,13435368000,140735678879995
5,r,579840,8,256,13435417000,140735678879995
5,r,579840,8,256,13435466000,140735678880001
5,r,579840,8,256,13435515000,140735678880007
5,r,579848,8,256,13435564000,140735678880007
5,r,579848,8,256,13435613000,140735678880010
5,r,579856,8,256,13435662000,140735678880016
5,r,579856,8,256,13435711000,140735678880019
5,r,579920,8,256,13435760000,140735678880080
5,r,579920,8,256,13435809000,140735678880082
5,r,580112,8,256,13435858000,140735678880272
5,r,580112,8,256,13435907000,140735678880275
5,r,580120,8,256,13435956000,140735678880275
5,r,580120,8,256,13436005000,140735678880281
5,r,580120,8,256,13436068000,140735678880284
5,r,580128,8,256,13436117000,140735678880284
5,r,580424,8,256,13436166000,140735678880584
5,r,580424,8,256,13436215000,140735678880587
5,r,580424,8,256,13436264000,140735678880589
5,r,580424,8,256,13436313000,140735678880591
5,r,580432,8,256,13436362000,140735678880591
5,r,580432,8,256,13436411000,140735678880597
5,r,580440,8,256,13436460000,140735678880600
5,r,580440,8,256,13436509000,140735678880606
5,r,580448,8,256,13436558000,140735678880606
5,r,580448,8,256,13436607000,140735678880613
5,r,580456,8,256,13436656000,140735678880613
5,r,580456,8,256,13436768000,140735678880617
5,r,580456,8,256,13436817000,140735678880620
5,r,580744,8,256,13436866000,140735678880909
5,r,580752,8,256,13436929000,140735678880909
5,r,586800,8,256,13436999000,140735679046704
5,r,586800,8,256,13437048000,140735679046708
5,r,586808,8,256,13437097000,140735679046708
5,r,586808,8,256,13437223000,140735679046715
5,r,586808,8,256,13437335000,140735679046719
5,r,586816,8,256,13437384000,140735679046719
5,r,586816,8,256,13437433000,140735679046722
5,r,586816,8,256,13437482000,140735679046724
5,r,580752,8,256,13437551000,140735678880914
5,r,580752,8,256,13437628000,140735678880916
5,r,580760,8,256,13437677000,140735678880916
5,r,579960,8,256,13437726000,140735678880120
5,r,579960,8,256,13437824000,140735678880125
5,r,579968,8,256,13437873000,140735678880125
5,r,579968,8,256,13437971000,140735678880134
5,r,579976,8,256,13438020000,140735678880134
5,r,579976,8,256,13438069000,140735678880140
5,r,579984,8,256,13438118000,140735678880144
5,r,579984,8,256,13438216000,140735678880145
5,r,579984,8,256,13438314000,140735678880146
5,r,579984,8,256,13438412000,140735678880148
5,r,579984,8,256,13438510000,140735678880150
5,r,9088,8,256,13438608000,9090
5,r,9096,8,256,13438657000,9090
5,r,9096,8,256,13438706000,9100
5,r,9096,8,256,13438755000,9103
5,r,9104,8,256,13438804000,9103
5,r,9104,8,256,13438853000,9106
5,r,9104,8,256,13438902000,9110
5,r,9112,8,256,13438951000,9110
5,r,9112,8,256,13439000000,9113
5,r,9112,8,256,13439049000,9118
5,r,9120,8,256,13439098000,9118
5,r,9120,8,256,13439404000,9121
5,r,9120,8,256,13439453000,9124
5,r,9128,8,256,13439565000,9128
5,r,9128,8,256,13439663000,9129
5,r,9216,8,256,13439732000,9222
5,r,9224,8,256,13439781000,9222
5,r,9224,8,256,13439851000,9225
5,r,9368,8,256,13439900000,9368
5,r,9368,8,256,13440012000,9375
5,r,9376,8,256,13440061000,9375
5,r,9376,8,256,13440159000,9378
5,r,9376,8,256,13440208000,9381
5,r,9384,8,256,13440257000,9384
5,r,9384,8,256,13440306000,9388
5,r,9384,8,256,13440355000,9391
5,r,9392,8,256,13440404000,9391
5,r,9392,8,256,13440467000,9395
5,r,9392,8,256,13440516000,9398
5,r,9400,8,256,13440642000,9400
5,r,9400,8,256,13440691000,9402
5,r,9224,8,256,13440740000,9230
5,r,9232,8,256,13440789000,9230
5,r,9232,8,256,13440887000,9237
5,r,9240,8,256,13441013000,9240
5,r,9240,8,256,13441062000,9243
5,r,9240,8,256,13441111000,9246
5,r,9248,8,256,13441160000,9246
5,r,9248,8,256,13441209000,9250
5,r,9248,8,256,13441258000,9253
5,r,9256,8,256,13441307000,9253
5,r,9256,8,256,13441356000,9257
5,r,9256,8,256,13441405000,9260
5,r,9264,8,256,13441468000,9264
5,r,9264,8,256,13441566000,9268
5,r,9264,8,256,13441615000,9271
5,r,9272,8,256,13441664000,9271
5,r,9272,8,256,13441713000,9274
5,r,8320,8,256,13441783000,8320
5,r,651200,8,256,13441881000,140735678689216
5,r,651200,8,256,13441944000,140735678689220
5,r,651200,8,256,13441993000,140735678689222
5,r,651208,8,256,13442042000,140735678689224
5,r,651208,8,256,13442091000,140735678689228
5,r,651216,8,256,13442140000,140735678689232
5,r,651216,8,256,13442189000,140735678689235
5,r,651216,8,256,13442238000,140735678689237
5,r,651224,8,256,13442287000,140735678689240
5,r,651224,8,256,13442336000,140735678689242
5,r,651224,8,256,13442434000,140735678689246
5,r,651232,8,256,13442483000,140735678689246
5,r,651232,8,256,13442609000,140735678689250
5,r,651232,8,256,13442735000,140735678689255
5,r,651240,8,256,13442784000,140735678689255
5,r,651240,8,256,13442910000,140735678689260
5,r,651248,8,256,13442959000,140735678689264
5,r,651248,8,256,13443022000,140735678689268
5,r,651256,8,256,13443071000,140735678689272
5,r,651256,8,256,13443120000,140735678689276
5,r,651264,8,256,13443169000,140735678689280
5,r,651264,8,256,13443218000,140735678689286
5,r,651272,8,256,13443267000,140735678689286
5,r,635872,8,256,13443316000,140735678694368
5,r,635872,8,256,13443365000,140735678694372
5,r,635880,8,256,13443463000,140735678694376
5,r,635880,8,256,13443589000,140735678694380
5,r,635880,8,256,13443666000,140735678694382
5,r,9272,8,256,13443735000,9279
5,r,9280,8,256,13443784000,9279
5,r,9280,8,256,13443833000,9281
5,r,9312,8,256,13443882000,9315
5,r,9312,8,256,13444029000,9319
5,r,9320,8,256,13444078000,9319
5,r,9320,8,256,13444127000,9324
5,r,9328,8,256,13444176000,9324
5,r,8352,8,256,13444246000,8352
5,r,579776,8,256,13444344000,140735678879936
5,r,579776,8,256,13444407000,140735678879940
5,r,579776,8,256,13444477000,140735678879942
5,r,579784,8,256,13444547000,140735678879944
5,r,579784,8,256,13444617000,140735678879945
5,r,579784,8,256,13444687000,140735678879946
5,r,579784,8,256,13444736000,140735678879948
5,r,579792,8,256,13444785000,140735678879952
5,r,579800,8,256,13444834000,140735678879952
5,r,579800,8,256,13444946000,140735678879961
5,r,579800,8,256,13445016000,140735678879966
5,r,579808,8,256,13445065000,140735678879968
5,r,579808,8,256,13445114000,140735678879974
5,r,579816,8,256,13445163000,140735678879974
5,r,579816,8,256,13445212000,140735678879977
5,r,579816,8,256,13445261000,140735678879983
5,r,579824,8,256,13445310000,140735678879983
5,r,579824,8,256,13445373000,140735678879989
5,r,579832,8,256,13445422000,140735678879989
5,r,579832,8,256,13445471000,140735678879995
5,r,579840,8,256,13445520000,140735678879995
5,r,579840,8,256,13445569000,140735678880001
5,r,579840,8,256,13445618000,140735678880007
5,r,579848,8,256,13445667000,140735678880007
5,r,579848,8,256,13445716000,140735678880010
5,r,579856,8,256,13445765000,140735678880016
5,r,579856,8,256,13445814000,140735678880019
5,r,579920,8,256,13445863000,140735678880080
5,r,579920,8,256,13445912000,140735678880082
5,r,580112,8,256,13445961000,140735678880272
5,r,580112,8,256,13446010000,140735678880275
5,r,580120,8,256,13446059000,140735678880275
5,r,580120,8,256,13446108000,140735678880281
5,r,580120,8,256,13446171000,140735678880284
5,r,580128,8,256,13446220000,140735678880284
5,r,580424,8,256,13446269000,140735678880584
5,r,580424,8,256,13446318000,140735678880587
5,r,580424,8,256,13446367000,140735678880589
5,r,580424,8,256,13446416000,140735678880591
5,r,580432,8,256,13446465000,140735678880591
5,r,580432,8,256,13446514000,140735678880597
5,r,580440,8,256,13446563000,140735678880600
5,r,580440,8,256,13446612000,140735678880606
5,r,580448,8,256,13446661000,140735678880606
5,r,580448,8,256,13446710000,140735678880613
5,r,580456,8,256,13446759000,140735678880613
5,r,580456,8,256,13446871000,140735678880617
5,r,580456,8,256,13447190000,140735678880620
5,r,580744,8,256,13447239000,140735678880909
5,r,580752,8,256,13447288000,140735678880909
5,r,586800,8,256,13447358000,140735679046704
5,r,586800,8,256,13447421000,140735679046708
5,r,586808,8,256,13447470000,140735679046708
5,r,586808,8,256,13447596000,140735679046715
5,r,586808,8,256,13447708000,140735679046719
5,r,586816,8,256,13447757000,140735679046719
5,r,586816,8,256,13447806000,140735679046722
5,r,586816,8,256,13447855000,140735679046724
5,r,580752,8,256,13447967000,140735678880914
5,r,580752,8,256,13448044000,140735678880916
5,r,580760,8,256,13448093000,140735678880916
5,r,579960,8,256,13448142000,140735678880120
5,r,579960,8,256,13448240000,140735678880125
5,r,579968,8,256,13448289000,140735678880125
5,r,579968,8,256,13448401000,140735678880134
5,r,579976,8,256,13448450000,140735678880134
5,r,579976,8,256,13448499000,140735678880140
5,r,579984,8,256,13448548000,140735678880144
5,r,579984,8,256,13448646000,140735678880145
5,r,579984,8,256,13448744000,140735678880146
5,r,579984,8,256,13448842000,140735678880148
5,r,579984,8,256,13448940000,140735678880150
5,r,9328,8,256,13449009000,9329
5,r,9336,8,256,13449072000,9329
5,r,9336,8,256,13449121000,9339
5,r,9336,8,256,13449170000,9342
5,r,9344,8,256,13449219000,9342
5,r,9344,8,256,13449268000,9345
5,r,9344,8,256,13449317000,9349
5,r,9352,8,256,13449415000,9352
5,r,9352,8,256,13449464000,9354
5,r,9352,8,256,13449513000,9359
5,r,9360,8,256,13449562000,9359
5,r,9360,8,256,13449611000,9362
5,r,9360,8,256,13449660000,9365
5,r,9368,8,256,13449730000,9368
5,r,9368,8,256,13449842000,9375
5,r,9376,8,256,13449891000,9375
5,r,9376,8,256,13449989000,9378
5,r,9376,8,256,13450052000,9381
5,r,9384,8,256,13450101000,9384
5,r,9384,8,256,13450150000,9388
5,r,9384,8,256,13450199000,9391
5,r,9392,8,256,13450248000,9391
5,r,9392,8,256,13450297000,9395
5,r,9392,8,256,13450346000,9398
5,r,9400,8,256,13450472000,9400
5,r,9400,8,256,13450521000,9402
5,r,9224,8,256,13450570000,9230
5,r,9232,8,256,13450619000,9230
5,r,9232,8,256,13450717000,9237
5,r,9240,8,256,13450843000,9240
5,r,9240,8,256,13450892000,9243
5,r,9240,8,256,13450941000,9246
5,r,9248,8,256,13450990000,9246
5,r,9248,8,256,13451053000,9250
5,r,9248,8,256,13451102000,9253
5,r,9256,8,256,13451151000,9253
5,r,9256,8,256,13451200000,9257
5,r,9256,8,256,13451249000,9260
5,r,9264,8,256,13451298000,9264
5,r,9264,8,256,13451396000,9268
5,r,9264,8,256,13451445000,9271
5,r,9272,8,256,13451494000,9271
5,r,9272,8,256,13451543000,9274
5,r,8320,8,256,13451613000,8320
5,r,651200,8,256,13451711000,140735678689216
5,r,651200,8,256,13451774000,140735678689220
5,r,651200,8,256,13451823000,140735678689222
5,r,651208,8,256,13451872000,140735678689224
5,r,651208,8,256,13451921000,140735678689228
5,r,651216,8,256,13451970000,140735678689232
5,r,651216,8,256,13452019000,140735678689235
5,r,651216,8,256,13452068000,140735678689237
5,r,651224,8,256,13452117000,140735678689240
5,r,651224,8,256,13452166000,140735678689242
5,r,651224,8,256,13452264000,140735678689246
5,r,651232,8,256,13452313000,140735678689246
5,r,651232,8,256,13452439000,140735678689250
5,r,651232,8,256,13452565000,140735678689255
5,r,651240,8,256,13452614000,140735678689255
5,r,651240,8,256,13452740000,140735678689260
5,r,651248,8,256,13452789000,140735678689264
5,r,651248,8,256,13452852000,140735678689268
5,r,651256,8,256,13452901000,140735678689272
5,r,651256,8,256,13452950000,140735678689276
5,r,651264,8,256,13452999000,140735678689280
5,r,651264,8,256,13453048000,140735678689286
5,r,651272,8,256,13453097000,140735678689286
5,r,635872,8,256,13453146000,140735678694368
5,r,635872,8,256,13453195000,140735678694372
5,r,635880,8,256,13453293000,140735678694376
5,r,635880,8,256,13453419000,140735678694380
5,r,635880,8,256,13453496000,140735678694382
5,r,9272,8,256,13453565000,9279
5,r,9280,8,256,13453614000,9279
5,r,9280,8,256,13453663000,9281
5,r,9312,8,256,13453712000,9315
5,r,9312,8,256,13453859000,9319
5,r,9320,8,256,13453922000,9319
5,r,9320,8,256,13453971000,9324
5,r,9328,8,256,13454020000,9324
5,r,8352,8,256,13454090000,8352
5,r,579776,8,256,13454188000,140735678879936
5,r,579776,8,256,13454237000,140735678879940
5,r,579776,8,256,13454307000,140735678879942
5,r,579784,8,256,13454391000,140735678879944
5,r,579784,8,256,13454461000,140735678879945
5,r,579784,8,256,13454531000,140735678879946
5,r,579784,8,256,13454580000,140735678879948
5,r,579792,8,256,13454629000,140735678879952
5,r,579800,8,256,13454678000,140735678879952
5,r,579800,8,256,13455040000,140735678879961
5,r,579800,8,256,13455110000,140735678879966
5,r,579808,8,256,13455159000,140735678879968
5,r,579808,8,256,13455208000,140735678879974
5,r,579816,8,256,13455257000,140735678879974
5,r,579816,8,256,13455306000,140735678879977
5,r,579816,8,256,13455355000,140735678879983
5,r,579824,8,256,13455404000,140735678879983
5,r,579824,8,256,13455453000,140735678879989
5,r,579832,8,256,13455502000,140735678879989
5,r,579832,8,256,13455551000,140735678879995
5,r,579840,8,256,13455600000,140735678879995
5,r,579840,8,256,13455649000,140735678880001
5,r,579840,8,256,13455698000,140735678880007
5,r,579848,8,256,13455747000,140735678880007
5,r,579848,8,256,13455796000,140735678880010
5,r,579856,8,256,13455859000,140735678880016
5,r,579856,8,256,13455908000,140735678880019
5,r,579920,8,256,13455957000,140735678880080
5,r,579920,8,256,13456006000,140735678880082
5,r,580112,8,256,13456055000,140735678880272
5,r,580112,8,256,13456104000,140735678880275
5,r,580120,8,256,13456153000,140735678880275
5,r,580120,8,256,13456202000,140735678880281
5,r,580120,8,256,13456251000,140735678880284
5,r,580128,8,256,13456300000,140735678880284
5,r,580424,8,256,13456349000,140735678880584
5,r,580424,8,256,13456398000,140735678880587
5,r,580424,8,256,13456447000,140735678880589
5,r,580424,8,256,13456496000,140735678880591
5,r,580432,8,256,13456545000,140735678880591
5,r,580432,8,256,13456594000,140735678880597
5,r,580440,8,256,13456657000,140735678880600
5,r,580440,8,256,13456706000,140735678880606
5,r,580448,8,256,13456755000,140735678880606
5,r,580448,8,256,13456804000,140735678880613
5,r,580456,8,256,13456853000,140735678880613
5,r,580456,8,256,13456965000,140735678880617
5,r,580456,8,256,13457014000,140735678880620
5,r,580744,8,256,13457063000,140735678880909
5,r,580752,8,256,13457112000,140735678880909
5,r,586800,8,256,13457182000,140735679046704
5,r,586800,8,256,13457231000,140735679046708
5,r,586808,8,256,13457280000,140735679046708
5,r,586808,8,256,13457406000,140735679046715
5,r,586808,8,256,13457518000,140735679046719
5,r,586816,8,256,13457567000,140735679046719
5,r,586816,8,256,13457616000,140735679046722
5,r,586816,8,256,13457665000,140735679046724
5,r,580752,8,256,13457777000,140735678880914
5,r,580752,8,256,13457854000,140735678880916
5,r,580760,8,256,13457903000,140735678880916
5,r,579960,8,256,13457952000,140735678880120
5,r,579960,8,256,13458050000,140735678880125
5,r,579968,8,256,13458099000,140735678880125
5,r,579968,8,256,13458197000,140735678880134
5,r,579976,8,256,13458246000,140735678880134
5,r,579976,8,256,13458295000,140735678880140
5,r,579984,8,256,13458344000,140735678880144
5,r,579984,8,256,13458442000,140735678880145
5,r,579984,8,256,13458540000,140735678880146
5,r,579984,8,256,13458638000,140735678880148
5,r,579984,8,256,13458736000,140735678880150
5,r,9328,8,256,13458805000,9329
5,r,9336,8,256,13458868000,9329
5,r,9336,8,256,13458917000,9339
5,r,9336,8,256,13458966000,9342
5,r,9344,8,256,13459015000,9342
5,r,9344,8,256,13459064000,9345
5,r,9344,8,256,13459113000,9349
5,r,9352,8,256,13459211000,9352
5,r,9352,8,256,13459260000,9354
5,r,9352,8,256,13459309000,9359
5,r,9360,8,256,13459358000,9359
5,r,9360,8,256,13459407000,9362
5,r,9360,8,256,13459456000,9365
5,r,9368,8,256,13459526000,9368
5,r,9368,8,256,13459638000,9375
5,r,9376,8,256,13459687000,9375
5,r,9376,8,256,13459785000,9378
5,r,9376,8,256,13459848000,9381
5,r,9384,8,256,13459897000,9384
5,r,9384,8,256,13459946000,9388
5,r,9384,8,256,13459995000,9391
5,r,9392,8,256,13460044000,9391
5,r,9392,8,256,13460093000,9395
5,r,9392,8,256,13460142000,9398
5,r,9400,8,256,13460268000,9400
5,r,9400,8,256,13460317000,9402
5,r,9224,8,256,13460366000,9230
5,r,9232,8,256,13460415000,9230
5,r,9232,8,256,13460513000,9237
5,r,9240,8,256,13460639000,9240
5,r,9240,8,256,13460688000,9243
5,r,9240,8,256,13460737000,9246
5,r,9248,8,256,13460786000,9246
5,r,9248,8,256,13460849000,9250
5,r,9248,8,256,13460898000,9253
5,r,9256,8,256,13460947000,9253
5,r,9256,8,256,13460996000,9257
5,r,9256,8,256,13461045000,9260
5,r,9264,8,256,13461094000,9264
5,r,9264,8,256,13461192000,9268
5,r,9264,8,256,13461241000,9271
5,r,9272,8,256,13461290000,9271
5,r,9272,8,256,13461339000,9274
5,r,8320,8,256,13461409000,8320
5,r,651200,8,256,13461507000,140735678689216
5,r,651200,8,256,13461570000,140735678689220
5,r,651200,8,256,13461619000,140735678689222
5,r,651208,8,256,13461668000,140735678689224
5,r,651208,8,256,13461717000,140735678689228
5,r,651216,8,256,13461766000,140735678689232
5,r,651216,8,256,13461815000,140735678689235
5,r,651216,8,256,13461864000,140735678689237
5,r,651224,8,256,13461913000,140735678689240
5,r,651224,8,256,13461962000,140735678689242
5,r,651224,8,256,13462060000,140735678689246
5,r,651232,8,256,13462109000,140735678689246
5,r,651232,8,256,13462235000,140735678689250
5,r,651232,8,256,13462361000,140735678689255
5,r,651240,8,256,13462410000,140735678689255
5,r,651240,8,256,13462763000,140735678689260
5,r,651248,8,256,13462826000,140735678689264
5,r,651248,8,256,13462875000,140735678689268
5,r,651256,8,256,13462924000,140735678689272
5,r,651256,8,256,13462973000,140735678689276
5,r,651264,8,256,13463022000,140735678689280
5,r,651264,8,256,13463071000,140735678689286
5,r,651272,8,256,13463120000,140735678689286
5,r,635872,8,256,13463169000,140735678694368
5,r,635872,8,256,13463218000,140735678694372
5,r,635880,8,256,13463316000,140735678694376
5,r,635880,8,256,13463442000,140735678694380
5,r,635880,8,256,13463519000,140735678694382
5,r,9272,8,256,13463588000,9279
5,r,9280,8,256,13463651000,9279
5,r,9280,8,256,13463700000,9281
5,r,9312,8,256,13463749000,9315
5,r,9312,8,256,13463896000,9319
5,r,9320,8,256,13463945000,9319
5,r,9320,8,256,13463994000,9324
5,r,9328,8,256,13464043000,9324
5,r,8352,8,256,13464113000,8352
5,r,579776,8,256,13464225000,140735678879936
5,r,579776,8,256,13464288000,140735678879940
5,r,579776,8,256,13464358000,140735678879942
5,r,579784,8,256,13464428000,140735678879944
5,r,579784,8,256,13464498000,140735678879945
5,r,579784,8,256,13464568000,140735678879946
5,r,579784,8,256,13464617000,140735678879948
5,r,579792,8,256,13464666000,140735678879952
5,r,579800,8,256,13464715000,140735678879952
5,r,579800,8,256,13464827000,140735678879961
5,r,579800,8,256,13464897000,140735678879966
5,r,579808,8,256,13464946000,140735678879968
5,r,579808,8,256,13464995000,140735678879974
5,r,579816,8,256,13465044000,140735678879974
5,r,579816,8,256,13465093000,140735678879977
5,r,579816,8,256,13465142000,140735678879983
5,r,579824,8,256,13465191000,140735678879983
5,r,579824,8,256,13465254000,140735678879989
5,r,579832,8,256,13465303000,140735678879989
5,r,579832,8,256,13465352000,140735678879995
5,r,579840,8,256,13465401000,140735678879995
5,r,579840,8,256,13465450000,140735678880001
5,r,579840,8,256,13465499000,140735678880007
5,r,579848,8,256,13465548000,140735678880007
5,r,579848,8,256,13465597000,140735678880010
5,r,579856,8,256,13465646000,140735678880016
5,r,579856,8,256,13465695000,140735678880019
5,r,579920,8,256,13465744000,140735678880080
5,r,579920,8,256,13465793000,140735678880082
5,r,580112,8,256,13465842000,140735678880272
5,r,580112,8,256,13465891000,140735678880275
5,r,580120,8,256,13465940000,140735678880275
5,r,580120,8,256,13465989000,140735678880281
5,r,580120,8,256,13466052000,140735678880284
5,r,580128,8,256,13466101000,140735678880284
5,r,580424,8,256,13466150000,140735678880584
5,r,580424,8,256,13466199000,140735678880587
5,r,580424,8,256,13466248000,140735678880589
5,r,580424,8,256,13466297000,140735678880591
5,r,580432,8,256,13466346000,140735678880591
5,r,580432,8,256,13466395000,140735678880597
5,r,580440,8,256,13466444000,140735678880600
5,r,580440,8,256,13466493000,140735678880606
5,r,580448,8,256,13466542000,140735678880606
5,r,580448,8,256,13466591000,140735678880613
5,r,580456,8,256,13466640000,140735678880613
5,r,580456,8,256,13466752000,140735678880617
5,r,580456,8,256,13466801000,140735678880620
5,r,580744,8,256,13466850000,140735678880909
5,r,580752,8,256,13466913000,140735678880909
5,r,586800,8,256,13466983000,140735679046704
5,r,586800,8,256,13467032000,140735679046708
5,r,586808,8,256,13467081000,140735679046708
5,r,586808,8,256,13467207000,140735679046715
5,r,586808,8,256,13467319000,140735679046719
5,r,586816,8,256,13467368000,140735679046719
5,r,586816,8,256,13467417000,140735679046722
5,r,586816,8,256,13467466000,140735679046724
5,r,580752,8,256,13467564000,140735678880914
5,r,580752,8,256,13467641000,140735678880916
5,r,580760,8,256,13467690000,140735678880916
5,r,579960,8,256,13467739000,140735678880120
5,r,579960,8,256,13467837000,140735678880125
5,r,579968,8,256,13467886000,140735678880125
5,r,579968,8,256,13467984000,140735678880134
5,r,579976,8,256,13468033000,140735678880134
5,r,579976,8,256,13468082000,140735678880140
5,r,579984,8,256,13468131000,140735678880144
5,r,579984,8,256,13468229000,140735678880145
5,r,579984,8,256,13468327000,140735678880146
5,r,579984,8,256,13468425000,140735678880148
5,r,579984,8,256,13468523000,140735678880150
5,r,9328,8,256,13468592000,9329
5,r,9336,8,256,13468641000,9329
5,r,9336,8,256,13468690000,9339
5,r,9336,8,256,13468739000,9342
5,r,9344,8,256,13468788000,9342
5,r,9344,8,256,13468837000,9345
5,r,9344,8,256,13468886000,9349
5,r,9352,8,256,13468984000,9352
5,r,9352,8,256,13469047000,9354
5,r,9352,8,256,13469096000,9359
5,r,9360,8,256,13469145000,9359
5,r,9360,8,256,13469194000,9362
5,r,9360,8,256,13469243000,9365
5,r,9368,8,256,13469313000,9368
5,r,9368,8,256,13469411000,9375
5,r,9376,8,256,13469460000,9375
5,r,9376,8,256,13469558000,9378
5,r,9376,8,256,13469607000,9381
5,r,9384,8,256,13469656000,9384
5,r,9384,8,256,13469705000,9388
5,r,9384,8,256,13469754000,9391
5,r,9392,8,256,13469803000,9391
5,r,9392,8,256,13469852000,9395
5,r,9392,8,256,13469901000,9398
5,r,9400,8,256,13470041000,9400
5,r,9400,8,256,13470090000,9402
5,r,9224,8,256,13470139000,9230
5,r,9232,8,256,13470188000,9230
5,r,9232,8,256,13470549000,9237
5,r,9240,8,256,13470675000,9240
5,r,9240,8,256,13470724000,9243
5,r,9240,8,256,13470773000,9246
5,r,9248,8,256,13470822000,9246
5,r,9248,8,256,13470871000,9250
5,r,9248,8,256,13470920000,9253
5,r,9256,8,256,13470969000,9253
5,r,9256,8,256,13471018000,9257
5,r,9256,8,256,13471067000,9260
5,r,9264,8,256,13471116000,9264
5,r,9264,8,256,13471214000,9268
5,r,9264,8,256,13471263000,9271
5,r,9272,8,256,13471312000,9271
5,r,9272,8,256,13471361000,9274
5,r,8320,8,256,13471431000,8320
5,r,651200,8,256,13471529000,140735678689216
5,r,651200,8,256,13471592000,140735678689220
5,r,651200,8,256,13471641000,140735678689222
5,r,651208,8,256,13471690000,140735678689224
5,r,651208,8,256,13471739000,140735678689228
5,r,651216,8,256,13471788000,140735678689232
5,r,651216,8,256,13471837000,140735678689235
5,r,651216,8,256,13471886000,140735678689237
5,r,651224,8,256,13471935000,140735678689240
5,r,651224,8,256,13471984000,140735678689242
5,r,651224,8,256,13472082000,140735678689246
5,r,651232,8,256,13472131000,140735678689246
5,r,651232,8,256,13472257000,140735678689250
5,r,651232,8,256,13472383000,140735678689255
5,r,651240,8,256,13472432000,140735678689255
5,r,651240,8,256,13472558000,140735678689260
5,r,651248,8,256,13472607000,140735678689264
5,r,651248,8,256,13472670000,140735678689268
5,r,651256,8,256,13472719000,140735678689272
5,r,651256,8,256,13472768000,140735678689276
5,r,651264,8,256,13472817000,140735678689280
5,r,651264,8,256,13472866000,140735678689286
5,r,651272,8,256,13472915000,140735678689286
5,r,635872,8,256,13472964000,140735678694368
5,r,635872,8,256,13473013000,140735678694372
5,r,635880,8,256,13473111000,140735678694376
5,r,635880,8,256,13473237000,140735678694380
5,r,635880,8,256,13473314000,140735678694382
5,r,9272,8,256,13473383000,9279
5,r,9280,8,256,13473446000,9279
5,r,9280,8,256,13473495000,9281
5,r,9312,8,256,13473544000,9315
5,r,9312,8,256,13473691000,9319
5,r,9320,8,256,13473740000,9319
5,r,9320,8,256,13473789000,9324
5,r,9328,8,256,13473838000,9324
5,r,8352,8,256,13473908000,8352
5,r,579776,8,256,13474006000,140735678879936
5,r,579776,8,256,13474069000,140735678879940
5,r,579776,8,256,13474139000,140735678879942
5,r,579784,8,256,13474209000,140735678879944
5,r,579784,8,256,13474279000,140735678879945
5,r,579784,8,256,13474349000,140735678879946
5,r,579784,8,256,13474398000,140735678879948
5,r,579792,8,256,13474447000,140735678879952
5,r,579800,8,256,13474496000,140735678879952
5,r,579800,8,256,13474608000,140735678879961
5,r,579800,8,256,13474678000,140735678879966
5,r,579808,8,256,13474727000,140735678879968
5,r,579808,8,256,13474776000,140735678879974
5,r,579816,8,256,13474825000,140735678879974
5,r,579816,8,256,13474874000,140735678879977
5,r,579816,8,256,13474923000,140735678879983
5,r,579824,8,256,13474972000,140735678879983
5,r,579824,8,256,13475035000,140735678879989
5,r,579832,8,256,13475084000,140735678879989
5,r,579832,8,256,13475133000,140735678879995
5,r,579840,8,256,13475182000,140735678879995
5,r,579840,8,256,13475231000,140735678880001
5,r,579840,8,256,13475280000,140735678880007
5,r,579848,8,256,13475329000,140735678880007
5,r,579848,8,256,13475378000,140735678880010
5,r,579856,8,256,13475427000,140735678880016
5,r,579856,8,256,13475476000,140735678880019
5,r,579920,8,256,13475525000,140735678880080
5,r,579920,8,256,13475574000,140735678880082
5,r,580112,8,256,13475623000,140735678880272
5,r,580112,8,256,13475672000,140735678880275
5,r,580120,8,256,13475721000,140735678880275
5,r,580120,8,256,13475770000,140735678880281
5,r,580120,8,256,13475833000,140735678880284
5,r,580128,8,256,13475882000,140735678880284
5,r,580424,8,256,13475931000,140735678880584
5,r,580424,8,256,13475980000,140735678880587
5,r,580424,8,256,13476029000,140735678880589
5,r,580424,8,256,13476078000,140735678880591
5,r,580432,8,256,13476127000,140735678880591
5,r,580432,8,256,13476176000,140735678880597
5,r,580440,8,256,13476225000,140735678880600
5,r,580440,8,256,13476274000,140735678880606
5,r,580448,8,256,13476323000,140735678880606
5,r,580448,8,256,13476372000,140735678880613
5,r,580456,8,256,13476421000,140735678880613
5,r,580456,8,256,13476533000,140735678880617
5,r,580456,8,256,13476582000,140735678880620
5,r,580744,8,256,13476631000,140735678880909
5,r,580752,8,256,13476694000,140735678880909
5,r,586800,8,256,13476764000,140735679046704
5,r,586800,8,256,13476813000,140735679046708
5,r,586808,8,256,13476862000,140735679046708
5,r,586808,8,256,13476988000,140735679046715
5,r,586808,8,256,13477100000,140735679046719
5,r,586816,8,256,13477149000,140735679046719
5,r,586816,8,256,13477198000,140735679046722
5,r,586816,8,256,13477247000,140735679046724
5,r,580752,8,256,13477345000,140735678880914
5,r,580752,8,256,13477422000,140735678880916
5,r,580760,8,256,13477471000,140735678880916
5,r,579960,8,256,13477520000,140735678880120
5,r,579960,8,256,13477618000,140735678880125
5,r,579968,8,256,13477667000,140735678880125
5,r,579968,8,256,13477765000,140735678880134
5,r,579976,8,256,13477814000,140735678880134
5,r,579976,8,256,13477863000,140735678880140
5,r,579984,8,256,13477912000,140735678880144
5,r,579984,8,256,13478010000,140735678880145
5,r,579984,8,256,13478398000,140735678880146
5,r,579984,8,256,13478496000,140735678880148
5,r,579984,8,256,13478594000,140735678880150
5,r,9328,8,256,13478663000,9329
5,r,9336,8,256,13478726000,9329
5,r,9336,8,256,13478775000,9339
5,r,9336,8,256,13478824000,9342
5,r,9344,8,256,13478873000,9342
5,r,9344,8,256,13478922000,9345
5,r,9344,8,256,13478971000,9349
5,r,9352,8,256,13479069000,9352
5,r,9352,8,256,13479118000,9354
5,r,9352,8,256,13479167000,9359
5,r,9360,8,256,13479216000,9359
5,r,9360,8,256,13479265000,9362
5,r,9360,8,256,13479314000,9365
5,r,9368,8,256,13479384000,9368
5,r,9368,8,256,13479496000,9375
5,r,9376,8,256,13479545000,9375
5,r,9376,8,256,13479643000,9378
5,r,9376,8,256,13479706000,9381
5,r,9384,8,256,13479755000,9384
5,r,9384,8,256,13479804000,9388
5,r,9384,8,256,13479853000,9391
5,r,9392,8,256,13479902000,9391
5,r,9392,8,256,13479951000,9395
5,r,9392,8,256,13480000000,9398
5,r,9400,8,256,13480126000,9400
5,r,9400,8,256,13480175000,9402
5,r,9224,8,256,13480224000,9230
5,r,9232,8,256,13480273000,9230
5,r,9232,8,256,13480371000,9237
5,r,9240,8,256,13480497000,9240
5,r,9240,8,256,13480546000,9243
5,r,9240,8,256,13480595000,9246
5,r,9248,8,256,13480644000,9246
5,r,9248,8,256,13480707000,9250
5,r,9248,8,256,13480756000,9253
5,r,9256,8,256,13480805000,9253
5,r,9256,8,256,13480854000,9257
5,r,9256,8,256,13480903000,9260
5,r,9264,8,256,13480952000,9264
5,r,9264,8,256,13481050000,9268
5,r,9264,8,256,13481099000,9271
5,r,9272,8,256,13481148000,9271
5,r,9272,8,256,13481197000,9274
5,r,8320,8,256,13481267000,8320
5,r,651200,8,256,13481365000,140735678689216
5,r,651200,8,256,13481428000,140735678689220
5,r,651200,8,256,13481477000,140735678689222
5,r,651208,8,256,13481526000,140735678689224
5,r,651208,8,256,13481575000,140735678689228
5,r,651216,8,256,13481624000,140735678689232
5,r,651216,8,256,13481673000,140735678689235
5,r,651216,8,256,13481722000,140735678689237
5,r,651224,8,256,13481771000,140735678689240
5,r,651224,8,256,13481820000,140735678689242
5,r,651224,8,256,13481918000,140735678689246
5,r,651232,8,256,13481967000,140735678689246
5,r,651232,8,256,13482093000,140735678689250
5,r,651232,8,256,13482219000,140735678689255
5,r,651240,8,256,13482268000,140735678689255
5,r,651240,8,256,13482394000,140735678689260
5,r,651248,8,256,13482443000,140735678689264
5,r,651248,8,256,13482506000,140735678689268
5,r,651256,8,256,13482555000,140735678689272
5,r,651256,8,256,13482604000,140735678689276
5,r,651264,8,256,13482653000,140735678689280
5,r,651264,8,256,13482702000,140735678689286
5,r,651272,8,256,13482751000,140735678689286
5,r,635872,8,256,13482800000,140735678694368
5,r,635872,8,256,13482849000,140735678694372
5,r,635880,8,256,13482947000,140735678694376
5,r,635880,8,256,13483073000,140735678694380
5,r,635880,8,256,13483150000,140735678694382
5,r,9272,8,256,13483219000,9279
5,r,9280,8,256,13483268000,9279
5,r,9280,8,256,13483317000,9281
5,r,9312,8,256,13483366000,9315
5,r,9312,8,256,13483513000,9319
5,r,9320,8,256,13483576000,9319
5,r,9320,8,256,13483625000,9324
5,r,9328,8,256,13483674000,9324
5,r,8352,8,256,13483744000,8352
5,r,579776,8,256,13483842000,140735678879936
5,r,579776,8,256,13483891000,140735678879940
5,r,579776,8,256,13483961000,140735678879942
5,r,579784,8,256,13484031000,140735678879944
5,r,579784,8,256,13484101000,140735678879945
5,r,579784,8,256,13484171000,140735678879946
5,r,579784,8,256,13484220000,140735678879948
5,r,579792,8,256,13484269000,140735678879952
5,r,579800,8,256,13484318000,140735678879952
5,r,579800,8,256,13484430000,140735678879961
5,r,579800,8,256,13484500000,140735678879966
5,r,579808,8,256,13484549000,140735678879968
5,r,579808,8,256,13484598000,140735678879974
5,r,579816,8,256,13484661000,140735678879974
5,r,579816,8,256,13484710000,140735678879977
5,r,579816,8,256,13484759000,140735678879983
5,r,579824,8,256,13484808000,140735678879983
5,r,579824,8,256,13484857000,140735678879989
5,r,579832,8,256,13484906000,140735678879989
5,r,579832,8,256,13484955000,140735678879995
5,r,579840,8,256,13485004000,140735678879995
5,r,579840,8,256,13485053000,140735678880001
5,r,579840,8,256,13485102000,140735678880007
5,r,579848,8,256,13485151000,140735678880007
5,r,579848,8,256,13485200000,140735678880010
5,r,579856,8,256,13485249000,140735678880016
5,r,579856,8,256,13485298000,140735678880019
5,r,579920,8,256,13485347000,140735678880080
5,r,579920,8,256,13485396000,140735678880082
5,r,580112,8,256,13485459000,140735678880272
5,r,580112,8,256,13485508000,140735678880275
5,r,580120,8,256,13485557000,140735678880275
5,r,580120,8,256,13485606000,140735678880281
5,r,580120,8,256,13485655000,140735678880284
5,r,580128,8,256,13485704000,140735678880284
5,r,580424,8,256,13485753000,140735678880584
5,r,580424,8,256,13485802000,140735678880587
5,r,580424,8,256,13486122000,140735678880589
5,r,580424,8,256,13486171000,140735678880591
5,r,580432,8,256,13486220000,140735678880591
5,r,580432,8,256,13486269000,140735678880597
5,r,580440,8,256,13486318000,140735678880600
5,r,580440,8,256,13486367000,140735678880606
5,r,580448,8,256,13486416000,140735678880606
5,r,580448,8,256,13486465000,140735678880613
5,r,580456,8,256,13486514000,140735678880613
5,r,580456,8,256,13486626000,140735678880617
5,r,580456,8,256,13486675000,140735678880620
5,r,580744,8,256,13486724000,140735678880909
5,r,580752,8,256,13486773000,140735678880909
5,r,586800,8,256,13486843000,140735679046704
5,r,586800,8,256,13486892000,140735679046708
5,r,586808,8,256,13486941000,140735679046708
5,r,586808,8,256,13487067000,140735679046715
5,r,586808,8,256,13487179000,140735679046719
5,r,586816,8,256,13487228000,140735679046719
5,r,586816,8,256,13487277000,140735679046722
5,r,586816,8,256,13487326000,140735679046724
5,r,580752,8,256,13487438000,140735678880914
5,r,580752,8,256,13487515000,140735678880916
5,r,580760,8,256,13487564000,140735678880916
5,r,579960,8,256,13487613000,140735678880120
5,r,579960,8,256,13487711000,140735678880125
5,r,579968,8,256,13487760000,140735678880125
5,r,579968,8,256,13487872000,140735678880134
5,r,579976,8,256,13487921000,140735678880134
5,r,579976,8,256,13487970000,140735678880140
5,r,579984,8,256,13488019000,140735678880144
5,r,579984,8,256,13488117000,140735678880145
5,r,579984,8,256,13488215000,140735678880146
5,r,579984,8,256,13488313000,140735678880148
5,r,579984,8,256,13488411000,140735678880150
5,r,9328,8,256,13488480000,9329
5,r,9336,8,256,13488543000,9329
5,r,9336,8,256,13488592000,9339
5,r,9336,8,256,13488641000,9342
5,r,9344,8,256,13488690000,9342
5,r,9344,8,256,13488739000,9345
5,r,9344,8,256,13488788000,9349
5,r,9352,8,256,13488886000,9352
5,r,9352,8,256,13488935000,9354
5,r,9352,8,256,13488984000,9359
5,r,9360,8,256,13489033000,9359
5,r,9360,8,256,13489082000,9362
5,r,9360,8,256,13489131000,9365
5,r,9368,8,256,13489201000,9368
5,r,9368,8,256,13489313000,9375
5,r,9376,8,256,13489362000,9375
5,r,9376,8,256,13489460000,9378
5,r,9376,8,256,13489523000,9381
5,r,9384,8,256,13489572000,9384
5,r,9384,8,256,13489621000,9388
5,r,9384,8,256,13489670000,9391
5,r,9392,8,256,13489719000,9391
5,r,9392,8,256,13489768000,9395
5,r,9392,8,256,13489817000,9398
5,r,9400,8,256,13489943000,9400
5,r,9400,8,256,13489992000,9402
5,r,9224,8,256,13490041000,9230
5,r,9232,8,256,13490090000,9230
5,r,9232,8,256,13490188000,9237
5,r,9240,8,256,13490314000,9240
5,r,9240,8,256,13490363000,9243
5,r,9240,8,256,13490412000,9246
5,r,9248,8,256,13490461000,9246
5,r,9248,8,256,13490524000,9250
5,r,9248,8,256,13490573000,9253
5,r,9256,8,256,13490622000,9253
5,r,9256,8,256,13490671000,9257
5,r,9256,8,256,13490720000,9260
5,r,9264,8,256,13490769000,9264
5,r,9264,8,256,13490867000,9268
5,r,9264,8,256,13490916000,9271
5,r,9272,8,256,13490965000,9271
5,r,9272,8,256,13491014000,9274
5,r,8320,8,256,13491084000,8320
5,r,651200,8,256,13491182000,140735678689216
5,r,651200,8,256,13491245000,140735678689220
5,r,651200,8,256,13491294000,140735678689222
5,r,651208,8,256,13491343000,140735678689224
5,r,651208,8,256,13491392000,140735678689228
5,r,651216,8,256,13491441000,140735678689232
5,r,651216,8,256,13491490000,140735678689235
5,r,651216,8,256,13491539000,140735678689237
5,r,651224,8,256,13491588000,140735678689240
5,r,651224,8,256,13491637000,140735678689242
5,r,651224,8,256,13491735000,140735678689246
5,r,651232,8,256,13491784000,140735678689246
5,r,651232,8,256,13491910000,140735678689250
5,r,651232,8,256,13492036000,140735678689255
5,r,651240,8,256,13492085000,140735678689255
5,r,651240,8,256,13492211000,140735678689260
5,r,651248,8,256,13492260000,140735678689264
5,r,651248,8,256,13492323000,140735678689268
5,r,651256,8,256,13492372000,140735678689272
5,r,651256,8,256,13492421000,140735678689276
5,r,651264,8,256,13492470000,140735678689280
5,r,651264,8,256,13492519000,140735678689286
5,r,651272,8,256,13492568000,140735678689286
5,r,635872,8,256,13492617000,140735678694368
5,r,635872,8,256,13492666000,140735678694372
5,r,635880,8,256,13492764000,140735678694376
5,r,635880,8,256,13492890000,140735678694380
5,r,635880,8,256,13492967000,140735678694382
5,r,9272,8,256,13493036000,9279
5,r,9280,8,256,13493085000,9279
5,r,9280,8,256,13493134000,9281
5,r,9312,8,256,13493183000,9315
5,r,9312,8,256,13493330000,9319
5,r,9320,8,256,13493393000,9319
5,r,9320,8,256,13493442000,9324
5,r,9328,8,256,13493491000,9324
5,r,8352,8,256,13493561000,8352
5,r,579776,8,256,13493908000,140735678879936
5,r,579776,8,256,13493971000,140735678879940
5,r,579776,8,256,13494041000,140735678879942
5,r,579784,8,256,13494111000,140735678879944
5,r,579784,8,256,13494181000,140735678879945
5,r,579784,8,256,13494251000,140735678879946
5,r,579784,8,256,13494300000,140735678879948
5,r,579792,8,256,13494349000,140735678879952
5,r,579800,8,256,13494398000,140735678879952
5,r,579800,8,256,13494510000,140735678879961
5,r,579800,8,256,13494580000,140735678879966
5,r,579808,8,256,13494629000,140735678879968
5,r,579808,8,256,13494678000,140735678879974
5,r,579816,8,256,13494727000,140735678879974
5,r,579816,8,256,13494776000,140735678879977
5,r,579816,8,256,13494825000,140735678879983
5,r,579824,8,256,13494874000,140735678879983
5,r,579824,8,256,13494937000,140735678879989
5,r,579832,8,256,13494986000,140735678879989
5,r,579832,8,256,13495035000,140735678879995
5,r,579840,8,256,13495084000,140735678879995
5,r,579840,8,256,13495133000,140735678880001
5,r,579840,8,256,13495182000,140735678880007
5,r,579848,8,256,13495231000,140735678880007
5,r,579848,8,256,13495280000,140735678880010
5,r,579856,8,256,13495329000,140735678880016
5,r,579856,8,256,13495378000,140735678880019
5,r,579920,8,256,13495427000,140735678880080
5,r,579920,8,256,13495476000,140735678880082
5,r,580112,8,256,13495525000,140735678880272
5,r,580112,8,256,13495574000,140735678880275
5,r,580120,8,256,13495623000,140735678880275
5,r,580120,8,256,13495672000,140735678880281
5,r,580120,8,256,13495735000,140735678880284
5,r,580128,8,256,13495784000,140735678880284
5,r,580424,8,256,13495833000,140735678880584
5,r,580424,8,256,13495882000,140735678880587
5,r,580424,8,256,13495931000,140735678880589
5,r,580424,8,256,13495980000,140735678880591
5,r,580432,8,256,13496029000,140735678880591
5,r,580432,8,256,13496078000,140735678880597
5,r,580440,8,256,13496127000,140735678880600
5,r,580440,8,256,13496176000,140735678880606
5,r,580448,8,256,13496225000,140735678880606
5,r,580448,8,256,13496274000,140735678880613
5,r,580456,8,256,13496323000,140735678880613
5,r,580456,8,256,13496435000,140735678880617
5,r,580456,8,256,13496484000,140735678880620
5,r,580744,8,256,13496533000,140735678880909
5,r,580752,8,256,13496596000,140735678880909
5,r,586800,8,256,13496666000,140735679046704
5,r,586800,8,256,13496715000,140735679046708
5,r,586808,8,256,13496764000,140735679046708
5,r,586808,8,256,13496890000,140735679046715
5,r,586808,8,256,13497002000,140735679046719
5,r,586816,8,256,13497051000,140735679046719
5,r,586816,8,256,13497100000,140735679046722
5,r,586816,8,256,13497149000,140735679046724
5,r,580752,8,256,13497261000,140735678880914
5,r,580752,8,256,13497338000,140735678880916
5,r,580760,8,256,13497387000,140735678880916
5,r,579960,8,256,13497436000,140735678880120
5,r,579960,8,256,13497534000,140735678880125
5,r,579968,8,256,13497583000,140735678880125
5,r,579968,8,256,13497681000,140735678880134
5,r,579976,8,256,13497730000,140735678880134
5,r,579976,8,256,13497779000,140735678880140
5,r,579984,8,256,13497828000,140735678880144
5,r,579984,8,256,13497926000,140735678880145
5,r,579984,8,256,13498024000,140735678880146
5,r,579984,8,256,13498122000,140735678880148
5,r,579984,8,256,13498220000,140735678880150
5,r,9328,8,256,13498289000,9329
5,r,9336,8,256,13498352000,9329
5,r,9336,8,256,13498401000,9339
5,r,9336,8,256,13498450000,9342
5,r,9344,8,256,13498499000,9342
5,r,9344,8,256,13498548000,9345
5,r,9344,8,256,13498597000,9349
5,r,9352,8,256,13498695000,9352
5,r,9352,8,256,13498744000,9354
5,r,9352,8,256,13498793000,9359
5,r,9360,8,256,13498842000,9359
5,r,9360,8,256,13498891000,9362
5,r,9360,8,256,13498940000,9365
5,r,9368,8,256,13499010000,9368
5,r,9368,8,256,13499108000,9375
5,r,9376,8,256,13499157000,9375
5,r,9376,8,256,13499255000,9378
5,r,9376,8,256,13499318000,9381
5,r,9384,8,256,13499367000,9384
5,r,9384,8,256,13499416000,9388
5,r,9384,8,256,13499465000,9391
5,r,9392,8,256,13499514000,9391
5,r,9392,8,256,13499563000,9395
5,r,9392,8,256,13499612000,9398
5,r,9400,8,256,13499738000,9400
5,r,9400,8,256,13499787000,9402
5,r,9224,8,256,13499836000,9230
5,r,9232,8,256,13499885000,9230
5,r,9232,8,256,13499983000,9237
5,r,9240,8,256,13500109000,9240
5,r,9240,8,256,13500158000,9243
5,r,9240,8,256,13500207000,9246
5,r,9248,8,256,13500256000,9246
5,r,9248,8,256,13500319000,9250
5,r,9248,8,256,13500368000,9253
5,r,9256,8,256,13500417000,9253
5,r,9256,8,256,13500466000,9257
5,r,9256,8,256,13500515000,9260
5,r,9264,8,256,13500564000,9264
5,r,9264,8,256,13500662000,9268
5,r,9264,8,256,13500711000,9271
5,r,9272,8,256,13500760000,9271
5,r,9272,8,256,13500809000,9274
5,r,8320,8,256,13500879000,8320
5,r,651200,8,256,13500977000,140735678689216
5,r,651200,8,256,13501040000,140735678689220
5,r,651200,8,256,13501089000,140735678689222
5,r,651208,8,256,13501138000,140735678689224
5,r,651208,8,256,13501187000,140735678689228
5,r,651216,8,256,13501236000,140735678689232
5,r,651216,8,256,13501285000,140735678689235
5,r,651296,8,256,13501334000,140735678689312
5,r,651296,8,256,13501383000,140735678689316
5,r,651304,8,256,13501694000,140735678689320
5,r,651304,8,256,13501743000,140735678689325
5,r,651312,8,256,13501792000,140735678689328
5,r,651312,8,256,13501841000,140735678689331
5,r,651312,8,256,13501890000,140735678689334
5,r,651320,8,256,13501939000,140735678689336
5,r,651320,8,256,13501988000,140735678689338
5,r,651320,8,256,13502037000,140735678689340
5,r,651320,8,256,13502086000,140735678689343
5,r,651328,8,256,13502135000,140735678689344
5,r,651328,8,256,13502184000,140735678689347
5,r,651328,8,256,13502233000,140735678689351
5,r,651336,8,256,13502282000,140735678689351
5,r,651336,8,256,13502331000,140735678689354
5,r,651344,8,256,13502380000,140735678689354
5,r,651344,8,256,13502429000,140735678689361
5,r,651344,8,256,13502492000,140735678689361
5,r,651344,8,256,13502604000,140735678689365
5,r,651352,8,256,13502653000,140735678689365
5,r,651352,8,256,13502702000,140735678689369
5,r,635520,8,256,13502751000,140735678694016
5,r,635520,8,256,13502814000,140735678694020
5,r,635528,8,256,13502961000,140735678694024
5,r,635528,8,256,13503136000,140735678694028
5,r,635536,8,256,13503213000,140735678694032
5,r,635536,8,256,13503262000,140735678694037
5,r,635544,8,256,13503311000,140735678694037
5,r,635544,8,256,13503360000,140735678694041
5,r,635544,8,256,13503409000,140735678694045
5,r,635552,8,256,13503458000,140735678694045
5,r,635552,8,256,13503507000,140735678694050
5,r,635552,8,256,13503556000,140735678694052
5,r,635552,8,256,13503605000,140735678694055
5,r,635560,8,256,13503654000,140735678694055
5,r,635560,8,256,13503703000,140735678694058
5,r,635840,8,256,13503752000,140735678694341
5,r,635848,8,256,13503801000,140735678694341
5,r,635848,8,256,13503850000,140735678694345
5,r,635848,8,256,13503899000,140735678694349
5,r,635856,8,256,13503948000,140735678694352
5,r,635856,8,256,13504011000,140735678694354
5,r,635856,8,256,13504060000,140735678694357
5,r,635864,8,256,13504109000,140735678694357
5,r,635872,8,256,13504158000,140735678694368
5,r,635872,8,256,13504207000,140735678694372
5,r,635880,8,256,13504305000,140735678694376
5,r,635880,8,256,13504431000,140735678694380
5,r,635880,8,256,13504508000,140735678694382
5,r,9272,8,256,13504577000,9279
5,r,9280,8,256,13504640000,9279
5,r,9280,8,256,13504689000,9281
5,r,9312,8,256,13504738000,9315
5,r,9312,8,256,13504885000,9319
5,r,9320,8,256,13504934000,9319
5,r,9320,8,256,13504983000,9324
5,r,9328,8,256,13505032000,9324
5,r,8352,8,256,13505102000,8352
5,r,579776,8,256,13505214000,140735678879936
5,r,579776,8,256,13505277000,140735678879940
5,r,579776,8,256,13505347000,140735678879942
5,r,579784,8,256,13505417000,140735678879944
5,r,579784,8,256,13505487000,140735678879945
5,r,579784,8,256,13505557000,140735678879946
5,r,579784,8,256,13505606000,140735678879948
5,r,579792,8,256,13505655000,140735678879952
5,r,579800,8,256,13505704000,140735678879952
5,r,579800,8,256,13505816000,140735678879961
5,r,579800,8,256,13505886000,140735678879966
5,r,579808,8,256,13505935000,140735678879968
5,r,579808,8,256,13505984000,140735678879974
5,r,579816,8,256,13506033000,140735678879974
5,r,579816,8,256,13506082000,140735678879977
5,r,579816,8,256,13506131000,140735678879983
5,r,579824,8,256,13506180000,140735678879983
5,r,579824,8,256,13506243000,140735678879989
5,r,579832,8,256,13506292000,140735678879989
5,r,579832,8,256,13506341000,140735678879995
5,r,579840,8,256,13506390000,140735678879995
5,r,579840,8,256,13506439000,140735678880001
5,r,579840,8,256,13506488000,140735678880007
5,r,579848,8,256,13506537000,140735678880007
5,r,579848,8,256,13506586000,140735678880010
5,r,579856,8,256,13506635000,140735678880016
5,r,579856,8,256,13506684000,140735678880019
5,r,579920,8,256,13506733000,140735678880080
5,r,579920,8,256,13506782000,140735678880082
5,r,580112,8,256,13506831000,140735678880272
5,r,580112,8,256,13506880000,140735678880275
5,r,580120,8,256,13506929000,140735678880275
5,r,580120,8,256,13506978000,140735678880281
5,r,580120,8,256,13507041000,140735678880284
5,r,580128,8,256,13507090000,140735678880284
5,r,580424,8,256,13507139000,140735678880584
5,r,580424,8,256,13507188000,140735678880587
5,r,580424,8,256,13507237000,140735678880589
5,r,580424,8,256,13507286000,140735678880591
5,r,580432,8,256,13507335000,140735678880591
5,r,580432,8,256,13507384000,140735678880597
5,r,580440,8,256,13507433000,140735678880600
5,r,580440,8,256,13507482000,140735678880606
5,r,580448,8,256,13507531000,140735678880606
5,r,580448,8,256,13507580000,140735678880613
5,r,580456,8,256,13507629000,140735678880613
5,r,580456,8,256,13507741000,140735678880617
5,r,580456,8,256,13507790000,140735678880620
5,r,580744,8,256,13507839000,140735678880909
5,r,580752,8,256,13507902000,140735678880909
5,r,586800,8,256,13507972000,140735679046704
5,r,586800,8,256,13508021000,140735679046708
5,r,586808,8,256,13508070000,140735679046708
5,r,586808,8,256,13508196000,140735679046715
5,r,586808,8,256,13508308000,140735679046719
5,r,586816,8,256,13508357000,140735679046719
5,r,586816,8,256,13508406000,140735679046722
5,r,586816,8,256,13508455000,140735679046724
5,r,580752,8,256,13508553000,140735678880914
5,r,580752,8,256,13508630000,140735678880916
5,r,580760,8,256,13508679000,140735678880916
5,r,579960,8,256,13508728000,140735678880120
5,r,579960,8,256,13508826000,140735678880125
5,r,579968,8,256,13508875000,140735678880125
5,r,579968,8,256,13508973000,140735678880134
5,r,579976,8,256,13509022000,140735678880134
5,r,579976,8,256,13509071000,140735678880140
5,r,579984,8,256,13509120000,140735678880144
5,r,579984,8,256,13509480000,140735678880145
5,r,579984,8,256,13509592000,140735678880146
5,r,579984,8,256,13509690000,140735678880148
5,r,579984,8,256,13509788000,140735678880150
5,r,9328,8,256,13509857000,9329
5,r,9336,8,256,13509920000,9329
5,r,9336,8,256,13509969000,9339
5,r,9336,8,256,13510018000,9342
5,r,9344,8,256,13510067000,9342
5,r,9344,8,256,13510116000,9345
5,r,9344,8,256,13510165000,9349
5,r,9352,8,256,13510263000,9352
5,r,9352,8,256,13510312000,9354
5,r,9352,8,256,13510361000,9359
5,r,9360,8,256,13510410000,9359
5,r,9360,8,256,13510459000,9362
5,r,9360,8,256,13510508000,9365
5,r,9368,8,256,13510578000,9368
5,r,9368,8,256,13510690000,9375
5,r,9376,8,256,13510739000,9375
5,r,9376,8,256,13510837000,9378
5,r,9376,8,256,13510900000,9381
5,r,9384,8,256,13510949000,9384
5,r,9384,8,256,13510998000,9388
5,r,9384,8,256,13511047000,9391
5,r,9392,8,256,13511096000,9391
5,r,9392,8,256,13511145000,9395
5,r,9392,8,256,13511194000,9398
5,r,9400,8,256,13511320000,9400
5,r,9400,8,256,13511369000,9402
5,r,9224,8,256,13511418000,9230
5,r,9232,8,256,13511467000,9230
5,r,9232,8,256,13511565000,9237
5,r,9240,8,256,13511691000,9240
5,r,9240,8,256,13511740000,9243
5,r,9240,8,256,13511789000,9246
5,r,9248,8,256,13511838000,9246
5,r,9248,8,256,13511901000,9250
5,r,9248,8,256,13511950000,9253
5,r,9256,8,256,13511999000,9253
5,r,9256,8,256,13512048000,9257
5,r,9256,8,256,13512097000,9260
5,r,9264,8,256,13512146000,9264
5,r,9264,8,256,13512244000,9268
5,r,9264,8,256,13512293000,9271
5,r,9272,8,256,13512342000,9271
5,r,9272,8,256,13512391000,9274
5,r,8320,8,256,13512461000,8320
5,r,651200,8,256,13512559000,140735678689216
5,r,651200,8,256,13512622000,140735678689220
5,r,651200,8,256,13512671000,140735678689222
5,r,651208,8,256,13512720000,140735678689224
5,r,651208,8,256,13512769000,140735678689228
5,r,651216,8,256,13512818000,140735678689232
5,r,651216,8,256,13512867000,140735678689235
5,r,651216,8,256,13512916000,140735678689237
5,r,651224,8,256,13512965000,140735678689240
5,r,651224,8,256,13513014000,140735678689242
5,r,651224,8,256,13513112000,140735678689246
5,r,651232,8,256,13513161000,140735678689246
5,r,651232,8,256,13513287000,140735678689250
5,r,651232,8,256,13513413000,140735678689255
5,r,651240,8,256,13513462000,140735678689255
5,r,651240,8,256,13513588000,140735678689260
5,r,651248,8,256,13513637000,140735678689264
5,r,651248,8,256,13513700000,140735678689268
5,r,651256,8,256,13513749000,140735678689272
5,r,651256,8,256,13513798000,140735678689276
5,r,651264,8,256,13513847000,140735678689280
5,r,651264,8,256,13513896000,140735678689286
5,r,651272,8,256,13513945000,140735678689286
5,r,635872,8,256,13513994000,140735678694368
5,r,635872,8,256,13514043000,140735678694372
5,r,635880,8,256,13514141000,140735678694376
5,r,635880,8,256,13514267000,140735678694380
5,r,635880,8,256,13514344000,140735678694382
5,r,9272,8,256,13514413000,9279
5,r,9280,8,256,13514462000,9279
5,r,9280,8,256,13514511000,9281
5,r,9280,8,256,13514560000,9283
5,r,9288,8,256,13514609000,9283
5,r,9288,8,256,13514721000,9290
5,r,9288,8,256,13514847000,9293
5,r,9296,8,256,13514896000,9296
5,r,9296,8,256,13514945000,9299
5,r,9296,8,256,13514994000,9303
5,r,9304,8,256,13515043000,9303
5,r,9304,8,256,13515092000,9306
5,r,9304,8,256,13515141000,9310
5,r,9312,8,256,13515190000,9310
5,r,9312,8,256,13515239000,9313
5,r,9408,8,256,13515288000,9413
5,r,9408,8,256,13515386000,9414
5,r,10416,8,256,13515455000,10422
5,r,10424,8,256,13515504000,10422
5,r,10424,8,256,13515574000,10426
5,r,10424,8,256,13515623000,10431
5,r,10432,8,256,13515686000,10431
5,r,10480,8,256,13515756000,10482
5,r,10480,8,256,13515805000,10486
